This is e-pTeX, Version 3.14159265-p3.7.2-170924-2.6 (utf8.sjis) (TeX Live 2017/W32TeX) (preloaded format=platex 2017.12.25)  19 OCT 2018 08:19
entering extended mode
 restricted \write18 enabled.
 %&-line parsing enabled.
**./c2_processing_study.tex
(./c2_processing_study.tex
pLaTeX2e <2017/10/28>+3 (based on LaTeX2e <2017-04-15>)
Babel <3.15> and hyphenation patterns for 84 language(s) loaded.
(c:/w32tex/share/texmf-dist/tex/platex/base/jarticle.cls
Document Class: jarticle 2017/09/19 v1.7g Standard pLaTeX class
\c@@paper=\count82
(c:/w32tex/share/texmf-dist/tex/platex/base/jsize10.clo
File: jsize10.clo 2017/09/19 v1.7g Standard pLaTeX file (size option)
)
\c@part=\count83
\c@section=\count84
\c@subsection=\count85
\c@subsubsection=\count86
\c@paragraph=\count87
\c@subparagraph=\count88
\c@figure=\count89
\c@table=\count90
\abovecaptionskip=\skip41
\belowcaptionskip=\skip42
\symmincho=\mathgroup4
LaTeX Font Info:    Overwriting symbol font `mincho' in version `bold'
(Font)                  JY1/mc/m/n --> JY1/gt/m/n on input line 613.
\toclineskip=\dimen118
\@lnumwidth=\dimen119
\bibindent=\dimen120
\heisei=\count91
)
(c:/w32tex/share/texmf-dist/tex/latex/listings/listings.sty
(c:/w32tex/share/texmf-dist/tex/latex/graphics/keyval.sty
Package: keyval 2014/10/28 v1.15 key=value parser (DPC)
\KV@toks@=\toks15
)
\lst@mode=\count92
\lst@gtempboxa=\box42
\lst@token=\toks16
\lst@length=\count93
\lst@currlwidth=\dimen121
\lst@column=\count94
\lst@pos=\count95
\lst@lostspace=\dimen122
\lst@width=\dimen123
\lst@newlines=\count96
\lst@lineno=\count97
\lst@maxwidth=\dimen124

(c:/w32tex/share/texmf-dist/tex/latex/listings/lstmisc.sty
File: lstmisc.sty 2015/06/04 1.6 (Carsten Heinz)
\c@lstnumber=\count98
\lst@skipnumbers=\count99
\lst@framebox=\box43
)
(c:/w32tex/share/texmf-dist/tex/latex/listings/listings.cfg
File: listings.cfg 2015/06/04 1.6 listings configuration
))
Package: listings 2015/06/04 1.6 (Carsten Heinz)

(c:/w32tex/share/texmf-dist/tex/latex/graphics/graphicx.sty
Package: graphicx 2017/06/01 v1.1a Enhanced LaTeX Graphics (DPC,SPQR)

(c:/w32tex/share/texmf-dist/tex/latex/graphics/graphics.sty
Package: graphics 2017/06/25 v1.2c Standard LaTeX Graphics (DPC,SPQR)

(c:/w32tex/share/texmf-dist/tex/latex/graphics/trig.sty
Package: trig 2016/01/03 v1.10 sin cos tan (DPC)
)
(c:/w32tex/share/texmf-dist/tex/latex/graphics-cfg/graphics.cfg
File: graphics.cfg 2016/06/04 v1.11 sample graphics configuration
)
Package graphics Info: Driver file: dvipdfmx.def on input line 99.

(c:/w32tex/share/texmf-dist/tex/latex/graphics-def/dvipdfmx.def
File: dvipdfmx.def 2017/06/24 v5.0g Graphics/color driver for dvipdfmx
))
\Gin@req@height=\dimen125
\Gin@req@width=\dimen126
)
(c:/w32tex/share/texmf-dist/tex/latex/here/here.sty)
(c:/w32tex/share/texmf-dist/tex/latex/float/float.sty
Package: float 2001/11/08 v1.3d Float enhancements (AL)
\c@float@type=\count100
\float@exts=\toks17
\float@box=\box44
\@float@everytoks=\toks18
\@floatcapt=\box45
)
(c:/w32tex/share/texmf-dist/tex/platex/base/ascmac.sty
Package: ascmac 2017/12/17 v2.0f ascmac wrapper (community edition) 

(c:/w32tex/share/texmf-dist/tex/platex/base/tascmac.sty
Package: tascmac 2017/12/17 v2.0f ascmac package (community edition) 
\@savetbaselineshift=\dimen127
\@saveybaselineshift=\dimen128
\scb@x=\box46
\scscb@x=\box47
\@bw=\dimen129
\@nbox=\box48
\@nbody=\box49
\@scw=\dimen130
\@itemh=\dimen131
\@iboxpos=\toks19
\@iboxstr=\box50
\@bwsp=\box51
\@@bwsp=\box52
\@bcal=\count101
\shaderule=\dimen132
))
(c:/w32tex/share/texmf-dist/tex/latex/comment/comment.sty
\CommentStream=\write3

Excluding comment 'comment') (./c2_processing_study.aux)
\openout1 = `c2_processing_study.aux'.

LaTeX Font Info:    Checking defaults for OML/cmm/m/it on input line 17.
LaTeX Font Info:    ... okay on input line 17.
LaTeX Font Info:    Checking defaults for T1/cmr/m/n on input line 17.
LaTeX Font Info:    ... okay on input line 17.
LaTeX Font Info:    Checking defaults for OT1/cmr/m/n on input line 17.
LaTeX Font Info:    ... okay on input line 17.
LaTeX Font Info:    Checking defaults for OMS/cmsy/m/n on input line 17.
LaTeX Font Info:    ... okay on input line 17.
LaTeX Font Info:    Checking defaults for OMX/cmex/m/n on input line 17.
LaTeX Font Info:    ... okay on input line 17.
LaTeX Font Info:    Checking defaults for U/cmr/m/n on input line 17.
LaTeX Font Info:    ... okay on input line 17.
LaTeX Font Info:    Checking defaults for JY1/mc/m/n on input line 17.
LaTeX Font Info:    ... okay on input line 17.
LaTeX Font Info:    Checking defaults for JT1/mc/m/n on input line 17.
LaTeX Font Info:    ... okay on input line 17.
\c@lstlisting=\count102
LaTeX Font Info:    External font `cmex10' loaded for size
(Font)              <12> on input line 30.
LaTeX Font Info:    External font `cmex10' loaded for size
(Font)              <8> on input line 30.
LaTeX Font Info:    External font `cmex10' loaded for size
(Font)              <6> on input line 30.
 [1

]
LaTeX Font Info:    Font shape `JT1/mc/bx/n' in size <14.4> not available
(Font)              Font shape `JT1/gt/m/n' tried instead on input line 39.
LaTeX Font Info:    Font shape `JY1/mc/bx/n' in size <14.4> not available
(Font)              Font shape `JY1/gt/m/n' tried instead on input line 39.
LaTeX Font Info:    Font shape `JT1/mc/bx/n' in size <12> not available
(Font)              Font shape `JT1/gt/m/n' tried instead on input line 40.
LaTeX Font Info:    Font shape `JY1/mc/bx/n' in size <12> not available
(Font)              Font shape `JY1/gt/m/n' tried instead on input line 40.
File: processing.JPG Graphic file (type bmp)
<processing.JPG>

Overfull \hbox (65.69684pt too wide) in paragraph at lines 42--43
[][] 
 []

File: ProcessingJ.JPG Graphic file (type bmp)
<ProcessingJ.JPG>

Overfull \hbox (65.69684pt too wide) in paragraph at lines 45--46
[][] 
 []

LaTeX Font Info:    Font shape `JT1/mc/bx/n' in size <10> not available
(Font)              Font shape `JT1/gt/m/n' tried instead on input line 53.
LaTeX Font Info:    Font shape `JY1/mc/bx/n' in size <10> not available
(Font)              Font shape `JY1/gt/m/n' tried instead on input line 53.
[1] [2]
File: zahyou.JPG Graphic file (type bmp)
<zahyou.JPG>

Overfull \hbox (65.69684pt too wide) in paragraph at lines 145--146
[][] 
 []

[3]
LaTeX Font Info:    External font `cmex10' loaded for size
(Font)              <7> on input line 160.
LaTeX Font Info:    External font `cmex10' loaded for size
(Font)              <5> on input line 160.
LaTeX Font Info:    Try loading font information for OMS+cmr on input line 162.

 (c:/w32tex/share/texmf-dist/tex/latex/base/omscmr.fd
File: omscmr.fd 2014/09/29 v2.5h Standard LaTeX font definitions
)
LaTeX Font Info:    Font shape `OMS/cmr/m/n' in size <10> not available
(Font)              Font shape `OMS/cmsy/m/n' tried instead on input line 162.
 [4] [5] [6]
File: hougan.pdf Graphic file (type pdf)
<hougan.pdf>

Overfull \hbox (65.69684pt too wide) in paragraph at lines 250--251
[][] 
 []

[7] [8]
File: t-1.JPG Graphic file (type bmp)
<t-1.JPG>
File: t-2.JPG Graphic file (type bmp)
<t-2.JPG>
 [9]
File: t-3.png Graphic file (type bmp)
<t-3.png>
File: t-4.png Graphic file (type bmp)
<t-4.png>
Missing character: There is no ^^ef in font cmr10!
Missing character: There is no ^^bd in font cmr10!
Missing character: There is no ^^ba in font cmr10!
Missing character: There is no ^^ef in font cmr10!
Missing character: There is no ^^be in font cmr10!
Missing character: There is no ^^9e in font cmr10!
Missing character: There is no ^^ef in font cmr10!
Missing character: There is no ^^bd in font cmr10!
Missing character: There is no ^^bc in font cmr10!
Missing character: There is no ^^ef in font cmr10!
Missing character: There is no ^^bd in font cmr10!
Missing character: There is no ^^af in font cmr10!
Missing character: There is no ^^ef in font cmr10!
Missing character: There is no ^^bd in font cmr10!
Missing character: There is no ^^b8 in font cmr10!
 [10] [11]
Overfull \vbox (40.9295pt too high) has occurred while \output is active []


[12]
Overfull \vbox (40.37361pt too high) has occurred while \output is active []


[13] (./c2_processing_study.aux) ) 
Here is how much of TeX's memory you used:
 2094 strings out of 493629
 28982 string characters out of 6150198
 105693 words of memory out of 5000000
 5685 multiletter control sequences out of 15000+600000
 13967 words of font info for 55 fonts, out of 8000000 for 9000
 929 hyphenation exceptions out of 8191
 26i,7n,32p,222b,948s stack positions out of 5000i,500n,10000p,500000b,80000s

Output written on c2_processing_study.dvi (14 pages, 26320 bytes).
